commit 0ac8a8bb5d559c89b27c93b13e8da66a05090dda
Author: Michael LaPlante <mflaplan@ucsd.edu>
Date:   Wed Jan 28 12:16:40 2015 -0800

    Merging

commit c62373420d0b3e289ed4c94e78aefc04c72a94ef
Author: rrightmy <rrightmy@ucsd.edu>
Date:   Sat Jan 24 15:08:23 2015 -0800

    Added new main activity and minor changes
    
    Start up activity is now a page containing two buttons that link to
    login and sign up respectively. Sign up now converts all usernames to
    lowercase before sending them to the database. Also checks for spaces.
    Login now converts all usernames to lowercase before checking with the
    server. This should make it so that swagmaster and SwAgMaSTeR are the
    same username.

commit 1cd85fad7d0db698ed51b4c00994ce4c484e867e
Author: Michael LaPlante <mflaplan@ucsd.edu>
Date:   Fri Jan 23 16:20:14 2015 -0800

    Minor fixes and UI changes

commit e630a90637494a37fa491006fd4ece1982d79c7c
Author: theloneplant <theloneplant@gmail.com>
Date:   Fri Jan 23 01:08:26 2015 -0800

    Polished login

commit aedb37ecd523e6accda0c29b92405a057daa9073
Author: theloneplant <theloneplant@gmail.com>
Date:   Thu Jan 22 23:26:58 2015 -0800

    Added git.log

commit 8f8491db582a9f1db5f2d8de18616287b3068518
Author: theloneplant <theloneplant@gmail.com>
Date:   Thu Jan 22 23:06:21 2015 -0800

    App redirects to HomeActivity after successful login

commit 1f33c69c722412d6de824ff678166df475ca8140
Author: rrightmy <rrightmy@ucsd.edu>
Date:   Thu Jan 22 23:00:05 2015 -0800

    THIS SHIT WORKS!
    
    LOGIN WORKS BOYSSSSS

commit 4bd0ddde2964866b1bd16f52c9a8bcec6cea68b4
Author: theloneplant <theloneplant@gmail.com>
Date:   Thu Jan 22 22:50:56 2015 -0800

    Added Login Functionality
    
    Not polished, but should work

commit 0f1966df35302bb9c28af5f950daad86751d8934
Author: rrightmy <rrightmy@ucsd.edu>
Date:   Thu Jan 22 22:00:47 2015 -0800

    Sign Up functional
    
    Sign up should be functional at this point

commit f26efc02904d57deef1404bf9a821dabaf15751e
Author: rrightmy <rrightmy@ucsd.edu>
Date:   Thu Jan 22 20:22:14 2015 -0800

    Minor Changes to signup
    
    Added more fields to activity_sign_up.xml and global variables relevant
    to those fields to SignUpActivity.java

commit 7f25ab15fb3af14caa85cc465bd12397c64ce722
Author: rrightmy <rrightmy@ucsd.edu>
Date:   Thu Jan 22 19:27:36 2015 -0800

    Project Add
    
    Project added to repository

commit 00eb657f9a9b0e508e964ecd04a4c0166ebd3134
Author: Michael LaPlante <theloneplant@gmail.com>
Date:   Thu Jan 22 15:36:42 2015 -0800

    Initial commit
